<?xml version="1.0" encoding="UTF-8"?>
<testng-results ignored="0" total="1" passed="1" failed="0" skipped="0">
  <reporter-output>
  </reporter-output>
  <suite started-at="2020-10-13T05:59:51Z" name="Suite" finished-at="2020-10-13T06:00:41Z" duration-ms="49573">
    <groups>
    </groups>
    <test started-at="2020-10-13T05:59:51Z" name="Test" finished-at="2020-10-13T06:00:41Z" duration-ms="49573">
      <class name="SmartData_Appilcation.SmartData_App">
        <test-method is-config="true" signature="Driver_Int()[pri:0, instance:SmartData_Appilcation.SmartData_App@5a5338df]" started-at="2020-10-13T05:59:46Z" name="Driver_Int" finished-at="2020-10-13T05:59:51Z" duration-ms="5483" status="PASS">
          <reporter-output>
          </reporter-output>
        </test-method> <!-- Driver_Int -->
        <test-method signature="SmartData_App_Inti()[pri:0, instance:SmartData_Appilcation.SmartData_App@5a5338df]" started-at="2020-10-13T05:59:51Z" name="SmartData_App_Inti" finished-at="2020-10-13T06:00:41Z" duration-ms="49550" status="PASS">
          <reporter-output>
          </reporter-output>
        </test-method> <!-- SmartData_App_Inti -->
        <test-method is-config="true" signature="Driver_Close()[pri:0, instance:SmartData_Appilcation.SmartData_App@5a5338df]" started-at="2020-10-13T06:00:41Z" name="Driver_Close" finished-at="2020-10-13T06:00:41Z" duration-ms="688" status="PASS">
          <reporter-output>
          </reporter-output>
        </test-method> <!-- Driver_Close -->
      </class> <!-- SmartData_Appilcation.SmartData_App -->
    </test> <!-- Test -->
  </suite> <!-- Suite -->
</testng-results>
